[ 2017-04-13T09:28:32+08:00 ] ::1 /CRM/Public/Addons/Hplus/js/plugins/layer/skin/moon/style.css
INFO: [ app_init ] --START--
INFO: Run Behavior\BuildLiteBehavior [ RunTime:0.000000s ]
INFO: [ app_init ] --END-- [ RunTime:0.000000s ]
ERR: 无法加载模块:Public

[ 2017-04-13T09:29:58+08:00 ] ::1 /CRM/Public/Addons/Hplus/js/plugins/layer/skin/moon/style.css
INFO: [ app_init ] --START--
INFO: Run Behavior\BuildLiteBehavior [ RunTime:0.000000s ]
INFO: [ app_init ] --END-- [ RunTime:0.000000s ]
ERR: 无法加载模块:Public

[ 2017-04-13T09:34:09+08:00 ] ::1 /CRM/Public/Addons/Hplus/js/plugins/layer/skin/moon/style.css
INFO: [ app_init ] --START--
INFO: Run Behavior\BuildLiteBehavior [ RunTime:0.000000s ]
INFO: [ app_init ] --END-- [ RunTime:0.001000s ]
ERR: 无法加载模块:Public

[ 2017-04-13T09:51:33+08:00 ] ::1 /CRM/Public/Addons/Hplus/js/plugins/layer/skin/moon/style.css
INFO: [ app_init ] --START--
INFO: Run Behavior\BuildLiteBehavior [ RunTime:0.000000s ]
INFO: [ app_init ] --END-- [ RunTime:0.001001s ]
ERR: 无法加载模块:Public

[ 2017-04-13T10:41:51+08:00 ] ::1 /CRM/Public/Addons/Hplus/js/plugins/layer/skin/moon/style.css
INFO: [ app_init ] --START--
INFO: Run Behavior\BuildLiteBehavior [ RunTime:0.000000s ]
INFO: [ app_init ] --END-- [ RunTime:0.001000s ]
ERR: 无法加载模块:Public

[ 2017-04-13T11:25:44+08:00 ] ::1 /CRM/Public/Addons/Hplus/js/plugins/layer/skin/moon/style.css
INFO: [ app_init ] --START--
INFO: Run Behavior\BuildLiteBehavior [ RunTime:0.000000s ]
INFO: [ app_init ] --END-- [ RunTime:0.000000s ]
ERR: 无法加载模块:Public

[ 2017-04-13T14:46:17+08:00 ] ::1 /CRM/Public/Addons/Hplus/js/plugins/layer/skin/moon/style.css
INFO: [ app_init ] --START--
INFO: Run Behavior\BuildLiteBehavior [ RunTime:0.000000s ]
INFO: [ app_init ] --END-- [ RunTime:0.000000s ]
ERR: 无法加载模块:Public

[ 2017-04-13T14:52:54+08:00 ] ::1 /CRM/Public/Addons/Hplus/js/plugins/layer/skin/moon/style.css
INFO: [ app_init ] --START--
INFO: Run Behavior\BuildLiteBehavior [ RunTime:0.000000s ]
INFO: [ app_init ] --END-- [ RunTime:0.001000s ]
ERR: 无法加载模块:Public

[ 2017-04-13T15:35:53+08:00 ] ::1 /CRM/Public/Addons/Hplus/js/plugins/layer/skin/moon/style.css
INFO: [ app_init ] --START--
INFO: Run Behavior\BuildLiteBehavior [ RunTime:0.000000s ]
INFO: [ app_init ] --END-- [ RunTime:0.000000s ]
ERR: 无法加载模块:Public

[ 2017-04-13T15:35:58+08:00 ] ::1 /CRM/Public/Addons/Hplus/js/plugins/layer/skin/moon/style.css
INFO: [ app_init ] --START--
INFO: Run Behavior\BuildLiteBehavior [ RunTime:0.000000s ]
INFO: [ app_init ] --END-- [ RunTime:0.000000s ]
ERR: 无法加载模块:Public

[ 2017-04-13T16:02:28+08:00 ] ::1 /CRM/Public/Addons/Hplus/js/plugins/layer/skin/moon/style.css
INFO: [ app_init ] --START--
INFO: Run Behavior\BuildLiteBehavior [ RunTime:0.000000s ]
INFO: [ app_init ] --END-- [ RunTime:0.001000s ]
ERR: 无法加载模块:Public

[ 2017-04-13T16:02:59+08:00 ] ::1 /CRM/Public/Addons/Hplus/js/plugins/layer/skin/moon/style.css
INFO: [ app_init ] --START--
INFO: Run Behavior\BuildLiteBehavior [ RunTime:0.000000s ]
INFO: [ app_init ] --END-- [ RunTime:0.001000s ]
ERR: 无法加载模块:Public

