[ 2017-04-14T09:51:04+08:00 ] ::1 /CRM/Public/Addons/Hplus/js/plugins/layer/skin/moon/style.css
INFO: [ app_init ] --START--
INFO: Run Behavior\BuildLiteBehavior [ RunTime:0.000000s ]
INFO: [ app_init ] --END-- [ RunTime:0.000000s ]
ERR: 无法加载模块:Public

[ 2017-04-14T09:57:33+08:00 ] ::1 /CRM/Public/Addons/Hplus/js/plugins/layer/skin/moon/style.css
INFO: [ app_init ] --START--
INFO: Run Behavior\BuildLiteBehavior [ RunTime:0.000000s ]
INFO: [ app_init ] --END-- [ RunTime:0.000000s ]
ERR: 无法加载模块:Public

[ 2017-04-14T10:26:04+08:00 ] ::1 /CRM/Public/Addons/Hplus/js/plugins/layer/skin/moon/style.css
INFO: [ app_init ] --START--
INFO: Run Behavior\BuildLiteBehavior [ RunTime:0.000000s ]
INFO: [ app_init ] --END-- [ RunTime:0.001000s ]
ERR: 无法加载模块:Public

[ 2017-04-14T10:26:07+08:00 ] ::1 /CRM/Public/Addons/Hplus/js/plugins/layer/skin/moon/style.css
INFO: [ app_init ] --START--
INFO: Run Behavior\BuildLiteBehavior [ RunTime:0.000000s ]
INFO: [ app_init ] --END-- [ RunTime:0.000000s ]
ERR: 无法加载模块:Public

[ 2017-04-14T10:29:55+08:00 ] ::1 /CRM/Public/Addons/Hplus/js/plugins/layer/skin/moon/style.css
INFO: [ app_init ] --START--
INFO: Run Behavior\BuildLiteBehavior [ RunTime:0.000000s ]
INFO: [ app_init ] --END-- [ RunTime:0.000000s ]
ERR: 无法加载模块:Public

[ 2017-04-14T10:30:08+08:00 ] ::1 /CRM/Public/Addons/Hplus/js/plugins/layer/skin/moon/style.css
INFO: [ app_init ] --START--
INFO: Run Behavior\BuildLiteBehavior [ RunTime:0.000000s ]
INFO: [ app_init ] --END-- [ RunTime:0.001000s ]
ERR: 无法加载模块:Public

[ 2017-04-14T10:36:03+08:00 ] ::1 /CRM/Public/Addons/Hplus/js/plugins/layer/skin/moon/style.css
INFO: [ app_init ] --START--
INFO: Run Behavior\BuildLiteBehavior [ RunTime:0.000000s ]
INFO: [ app_init ] --END-- [ RunTime:0.001000s ]
ERR: 无法加载模块:Public

[ 2017-04-14T13:30:57+08:00 ] ::1 /CRM/Public/Addons/Hplus/js/plugins/layer/skin/moon/style.css
INFO: [ app_init ] --START--
INFO: Run Behavior\BuildLiteBehavior [ RunTime:0.001000s ]
INFO: [ app_init ] --END-- [ RunTime:0.001000s ]
ERR: 无法加载模块:Public

[ 2017-04-14T13:37:39+08:00 ] ::1 /CRM/Public/Addons/Hplus/js/plugins/layer/skin/moon/style.css
INFO: [ app_init ] --START--
INFO: Run Behavior\BuildLiteBehavior [ RunTime:0.000000s ]
INFO: [ app_init ] --END-- [ RunTime:0.001000s ]
ERR: 无法加载模块:Public

[ 2017-04-14T13:37:40+08:00 ] ::1 /CRM/Public/Addons/Hplus/js/plugins/layer/skin/moon/style.css
INFO: [ app_init ] --START--
INFO: Run Behavior\BuildLiteBehavior [ RunTime:0.000000s ]
INFO: [ app_init ] --END-- [ RunTime:0.001000s ]
ERR: 无法加载模块:Public

[ 2017-04-14T13:37:52+08:00 ] ::1 /CRM/Public/Addons/Hplus/js/plugins/layer/skin/moon/style.css
INFO: [ app_init ] --START--
INFO: Run Behavior\BuildLiteBehavior [ RunTime:0.000000s ]
INFO: [ app_init ] --END-- [ RunTime:0.001000s ]
ERR: 无法加载模块:Public

[ 2017-04-14T13:45:14+08:00 ] ::1 /CRM/Public/Addons/Hplus/js/plugins/layer/skin/moon/style.css
INFO: [ app_init ] --START--
INFO: Run Behavior\BuildLiteBehavior [ RunTime:0.000000s ]
INFO: [ app_init ] --END-- [ RunTime:0.001000s ]
ERR: 无法加载模块:Public

[ 2017-04-14T14:08:22+08:00 ] ::1 /CRM/Public/Addons/Hplus/js/plugins/layer/skin/moon/style.css
INFO: [ app_init ] --START--
INFO: Run Behavior\BuildLiteBehavior [ RunTime:0.000000s ]
INFO: [ app_init ] --END-- [ RunTime:0.001000s ]
ERR: 无法加载模块:Public

[ 2017-04-14T14:09:01+08:00 ] ::1 /CRM/Public/Addons/Hplus/js/plugins/layer/skin/moon/style.css
INFO: [ app_init ] --START--
INFO: Run Behavior\BuildLiteBehavior [ RunTime:0.001000s ]
INFO: [ app_init ] --END-- [ RunTime:0.003000s ]
ERR: 无法加载模块:Public

[ 2017-04-14T14:09:06+08:00 ] ::1 /CRM/Public/Addons/Hplus/js/plugins/layer/skin/moon/style.css
INFO: [ app_init ] --START--
INFO: Run Behavior\BuildLiteBehavior [ RunTime:0.000000s ]
INFO: [ app_init ] --END-- [ RunTime:0.000000s ]
ERR: 无法加载模块:Public

[ 2017-04-14T14:14:37+08:00 ] ::1 /CRM/Public/Addons/Hplus/js/plugins/layer/skin/moon/style.css
INFO: [ app_init ] --START--
INFO: Run Behavior\BuildLiteBehavior [ RunTime:0.000000s ]
INFO: [ app_init ] --END-- [ RunTime:0.000000s ]
ERR: 无法加载模块:Public

[ 2017-04-14T14:14:53+08:00 ] ::1 /CRM/Public/Addons/Hplus/js/plugins/layer/skin/moon/style.css
INFO: [ app_init ] --START--
INFO: Run Behavior\BuildLiteBehavior [ RunTime:0.000000s ]
INFO: [ app_init ] --END-- [ RunTime:0.000000s ]
ERR: 无法加载模块:Public

[ 2017-04-14T14:15:00+08:00 ] ::1 /CRM/Public/Addons/Hplus/js/plugins/layer/skin/moon/style.css
INFO: [ app_init ] --START--
INFO: Run Behavior\BuildLiteBehavior [ RunTime:0.001000s ]
INFO: [ app_init ] --END-- [ RunTime:0.001000s ]
ERR: 无法加载模块:Public

[ 2017-04-14T14:15:32+08:00 ] ::1 /CRM/Public/Addons/Hplus/js/plugins/layer/skin/moon/style.css
INFO: [ app_init ] --START--
INFO: Run Behavior\BuildLiteBehavior [ RunTime:0.000000s ]
INFO: [ app_init ] --END-- [ RunTime:0.001000s ]
ERR: 无法加载模块:Public

[ 2017-04-14T14:15:52+08:00 ] ::1 /CRM/Public/Addons/Hplus/js/plugins/layer/skin/moon/style.css
INFO: [ app_init ] --START--
INFO: Run Behavior\BuildLiteBehavior [ RunTime:0.001000s ]
INFO: [ app_init ] --END-- [ RunTime:0.001000s ]
ERR: 无法加载模块:Public

[ 2017-04-14T14:15:59+08:00 ] ::1 /CRM/Public/Addons/Hplus/js/plugins/layer/skin/moon/style.css
INFO: [ app_init ] --START--
INFO: Run Behavior\BuildLiteBehavior [ RunTime:0.000000s ]
INFO: [ app_init ] --END-- [ RunTime:0.002000s ]
ERR: 无法加载模块:Public

[ 2017-04-14T14:16:38+08:00 ] ::1 /CRM/Public/Addons/Hplus/js/plugins/layer/skin/moon/style.css
INFO: [ app_init ] --START--
INFO: Run Behavior\BuildLiteBehavior [ RunTime:0.000000s ]
INFO: [ app_init ] --END-- [ RunTime:0.000000s ]
ERR: 无法加载模块:Public

[ 2017-04-14T14:16:45+08:00 ] ::1 /CRM/Public/Addons/Hplus/js/plugins/layer/skin/moon/style.css
INFO: [ app_init ] --START--
INFO: Run Behavior\BuildLiteBehavior [ RunTime:0.000000s ]
INFO: [ app_init ] --END-- [ RunTime:0.001000s ]
ERR: 无法加载模块:Public

[ 2017-04-14T14:16:54+08:00 ] ::1 /CRM/Public/Addons/Hplus/js/plugins/layer/skin/moon/style.css
INFO: [ app_init ] --START--
INFO: Run Behavior\BuildLiteBehavior [ RunTime:0.000000s ]
INFO: [ app_init ] --END-- [ RunTime:0.002000s ]
ERR: 无法加载模块:Public

[ 2017-04-14T14:17:23+08:00 ] ::1 /CRM/Public/Addons/Hplus/js/plugins/layer/skin/moon/style.css
INFO: [ app_init ] --START--
INFO: Run Behavior\BuildLiteBehavior [ RunTime:0.000000s ]
INFO: [ app_init ] --END-- [ RunTime:0.001000s ]
ERR: 无法加载模块:Public

[ 2017-04-14T14:17:26+08:00 ] ::1 /CRM/Public/Addons/Hplus/js/plugins/layer/skin/moon/style.css
INFO: [ app_init ] --START--
INFO: Run Behavior\BuildLiteBehavior [ RunTime:0.000000s ]
INFO: [ app_init ] --END-- [ RunTime:0.001000s ]
ERR: 无法加载模块:Public

[ 2017-04-14T14:17:35+08:00 ] ::1 /CRM/Public/Addons/Hplus/js/plugins/layer/skin/moon/style.css
INFO: [ app_init ] --START--
INFO: Run Behavior\BuildLiteBehavior [ RunTime:0.000000s ]
INFO: [ app_init ] --END-- [ RunTime:0.001000s ]
ERR: 无法加载模块:Public

[ 2017-04-14T14:17:39+08:00 ] ::1 /CRM/Public/Addons/Hplus/js/plugins/layer/skin/moon/style.css
INFO: [ app_init ] --START--
INFO: Run Behavior\BuildLiteBehavior [ RunTime:0.000000s ]
INFO: [ app_init ] --END-- [ RunTime:0.001001s ]
ERR: 无法加载模块:Public

[ 2017-04-14T14:17:46+08:00 ] ::1 /CRM/Public/Addons/Hplus/js/plugins/layer/skin/moon/style.css
INFO: [ app_init ] --START--
INFO: Run Behavior\BuildLiteBehavior [ RunTime:0.000000s ]
INFO: [ app_init ] --END-- [ RunTime:0.001000s ]
ERR: 无法加载模块:Public

[ 2017-04-14T14:17:54+08:00 ] ::1 /CRM/Public/Addons/Hplus/js/plugins/layer/skin/moon/style.css
INFO: [ app_init ] --START--
INFO: Run Behavior\BuildLiteBehavior [ RunTime:0.000000s ]
INFO: [ app_init ] --END-- [ RunTime:0.000000s ]
ERR: 无法加载模块:Public

[ 2017-04-14T14:18:03+08:00 ] ::1 /CRM/Public/Addons/Hplus/js/plugins/layer/skin/moon/style.css
INFO: [ app_init ] --START--
INFO: Run Behavior\BuildLiteBehavior [ RunTime:0.001000s ]
INFO: [ app_init ] --END-- [ RunTime:0.001000s ]
ERR: 无法加载模块:Public

[ 2017-04-14T14:18:10+08:00 ] ::1 /CRM/Public/Addons/Hplus/js/plugins/layer/skin/moon/style.css
INFO: [ app_init ] --START--
INFO: Run Behavior\BuildLiteBehavior [ RunTime:0.000000s ]
INFO: [ app_init ] --END-- [ RunTime:0.001000s ]
ERR: 无法加载模块:Public

[ 2017-04-14T14:18:15+08:00 ] ::1 /CRM/Public/Addons/Hplus/js/plugins/layer/skin/moon/style.css
INFO: [ app_init ] --START--
INFO: Run Behavior\BuildLiteBehavior [ RunTime:0.000000s ]
INFO: [ app_init ] --END-- [ RunTime:0.001000s ]
ERR: 无法加载模块:Public

[ 2017-04-14T14:18:23+08:00 ] ::1 /CRM/Public/Addons/Hplus/js/plugins/layer/skin/moon/style.css
INFO: [ app_init ] --START--
INFO: Run Behavior\BuildLiteBehavior [ RunTime:0.000000s ]
INFO: [ app_init ] --END-- [ RunTime:0.003000s ]
ERR: 无法加载模块:Public

[ 2017-04-14T14:18:33+08:00 ] ::1 /CRM/Public/Addons/Hplus/js/plugins/layer/skin/moon/style.css
INFO: [ app_init ] --START--
INFO: Run Behavior\BuildLiteBehavior [ RunTime:0.000000s ]
INFO: [ app_init ] --END-- [ RunTime:0.001000s ]
ERR: 无法加载模块:Public

[ 2017-04-14T14:18:37+08:00 ] ::1 /CRM/Public/Addons/Hplus/js/plugins/layer/skin/moon/style.css
INFO: [ app_init ] --START--
INFO: Run Behavior\BuildLiteBehavior [ RunTime:0.000000s ]
INFO: [ app_init ] --END-- [ RunTime:0.001000s ]
ERR: 无法加载模块:Public

[ 2017-04-14T14:18:41+08:00 ] ::1 /CRM/Public/Addons/Hplus/js/plugins/layer/skin/moon/style.css
INFO: [ app_init ] --START--
INFO: Run Behavior\BuildLiteBehavior [ RunTime:0.000000s ]
INFO: [ app_init ] --END-- [ RunTime:0.001000s ]
ERR: 无法加载模块:Public

[ 2017-04-14T14:18:51+08:00 ] ::1 /CRM/Public/Addons/Hplus/js/plugins/layer/skin/moon/style.css
INFO: [ app_init ] --START--
INFO: Run Behavior\BuildLiteBehavior [ RunTime:0.000000s ]
INFO: [ app_init ] --END-- [ RunTime:0.001000s ]
ERR: 无法加载模块:Public

[ 2017-04-14T14:18:54+08:00 ] ::1 /CRM/Public/Addons/Hplus/js/plugins/layer/skin/moon/style.css
INFO: [ app_init ] --START--
INFO: Run Behavior\BuildLiteBehavior [ RunTime:0.000000s ]
INFO: [ app_init ] --END-- [ RunTime:0.001001s ]
ERR: 无法加载模块:Public

[ 2017-04-14T14:18:56+08:00 ] ::1 /CRM/Public/Addons/Hplus/js/plugins/layer/skin/moon/style.css
INFO: [ app_init ] --START--
INFO: Run Behavior\BuildLiteBehavior [ RunTime:0.000000s ]
INFO: [ app_init ] --END-- [ RunTime:0.002000s ]
ERR: 无法加载模块:Public

[ 2017-04-14T14:19:05+08:00 ] ::1 /CRM/Public/Addons/Hplus/js/plugins/layer/skin/moon/style.css
INFO: [ app_init ] --START--
INFO: Run Behavior\BuildLiteBehavior [ RunTime:0.001000s ]
INFO: [ app_init ] --END-- [ RunTime:0.002000s ]
ERR: 无法加载模块:Public

[ 2017-04-14T14:19:09+08:00 ] ::1 /CRM/Public/Addons/Hplus/js/plugins/layer/skin/moon/style.css
INFO: [ app_init ] --START--
INFO: Run Behavior\BuildLiteBehavior [ RunTime:0.000000s ]
INFO: [ app_init ] --END-- [ RunTime:0.000000s ]
ERR: 无法加载模块:Public

[ 2017-04-14T14:20:33+08:00 ] ::1 /CRM/Public/Addons/Hplus/js/plugins/layer/skin/moon/style.css
INFO: [ app_init ] --START--
INFO: Run Behavior\BuildLiteBehavior [ RunTime:0.000000s ]
INFO: [ app_init ] --END-- [ RunTime:0.001000s ]
ERR: 无法加载模块:Public

[ 2017-04-14T14:20:35+08:00 ] ::1 /CRM/Public/Addons/Hplus/js/plugins/layer/skin/moon/style.css
INFO: [ app_init ] --START--
INFO: Run Behavior\BuildLiteBehavior [ RunTime:0.000000s ]
INFO: [ app_init ] --END-- [ RunTime:0.003000s ]
ERR: 无法加载模块:Public

[ 2017-04-14T14:20:37+08:00 ] ::1 /CRM/Public/Addons/Hplus/js/plugins/layer/skin/moon/style.css
INFO: [ app_init ] --START--
INFO: Run Behavior\BuildLiteBehavior [ RunTime:0.000000s ]
INFO: [ app_init ] --END-- [ RunTime:0.003001s ]
ERR: 无法加载模块:Public

[ 2017-04-14T14:20:38+08:00 ] ::1 /CRM/Public/Addons/Hplus/js/plugins/layer/skin/moon/style.css
INFO: [ app_init ] --START--
INFO: Run Behavior\BuildLiteBehavior [ RunTime:0.000000s ]
INFO: [ app_init ] --END-- [ RunTime:0.002000s ]
ERR: 无法加载模块:Public

[ 2017-04-14T14:21:38+08:00 ] ::1 /CRM/Public/Addons/Hplus/js/plugins/layer/skin/moon/style.css
INFO: [ app_init ] --START--
INFO: Run Behavior\BuildLiteBehavior [ RunTime:0.000000s ]
INFO: [ app_init ] --END-- [ RunTime:0.001000s ]
ERR: 无法加载模块:Public

[ 2017-04-14T14:21:52+08:00 ] ::1 /CRM/Public/Addons/Hplus/js/plugins/layer/skin/moon/style.css
INFO: [ app_init ] --START--
INFO: Run Behavior\BuildLiteBehavior [ RunTime:0.000000s ]
INFO: [ app_init ] --END-- [ RunTime:0.001000s ]
ERR: 无法加载模块:Public

[ 2017-04-14T14:22:00+08:00 ] ::1 /CRM/Public/Addons/Hplus/js/plugins/layer/skin/moon/style.css
INFO: [ app_init ] --START--
INFO: Run Behavior\BuildLiteBehavior [ RunTime:0.000000s ]
INFO: [ app_init ] --END-- [ RunTime:0.001000s ]
ERR: 无法加载模块:Public

[ 2017-04-14T14:24:27+08:00 ] ::1 /CRM/Public/Addons/Hplus/js/plugins/layer/skin/moon/style.css
INFO: [ app_init ] --START--
INFO: Run Behavior\BuildLiteBehavior [ RunTime:0.001000s ]
INFO: [ app_init ] --END-- [ RunTime:0.003000s ]
ERR: 无法加载模块:Public

[ 2017-04-14T14:24:45+08:00 ] ::1 /CRM/Public/Addons/Hplus/js/plugins/layer/skin/moon/style.css
INFO: [ app_init ] --START--
INFO: Run Behavior\BuildLiteBehavior [ RunTime:0.000000s ]
INFO: [ app_init ] --END-- [ RunTime:0.001000s ]
ERR: 无法加载模块:Public

[ 2017-04-14T14:25:26+08:00 ] ::1 /CRM/Public/Addons/Hplus/js/plugins/layer/skin/moon/style.css
INFO: [ app_init ] --START--
INFO: Run Behavior\BuildLiteBehavior [ RunTime:0.000000s ]
INFO: [ app_init ] --END-- [ RunTime:0.002000s ]
ERR: 无法加载模块:Public

[ 2017-04-14T14:26:08+08:00 ] ::1 /CRM/Public/Addons/Hplus/js/plugins/layer/skin/moon/style.css
INFO: [ app_init ] --START--
INFO: Run Behavior\BuildLiteBehavior [ RunTime:0.000000s ]
INFO: [ app_init ] --END-- [ RunTime:0.001000s ]
ERR: 无法加载模块:Public

[ 2017-04-14T14:36:06+08:00 ] ::1 /CRM/Public/Addons/Hplus/js/plugins/layer/skin/moon/style.css
INFO: [ app_init ] --START--
INFO: Run Behavior\BuildLiteBehavior [ RunTime:0.000000s ]
INFO: [ app_init ] --END-- [ RunTime:0.000000s ]
ERR: 无法加载模块:Public

[ 2017-04-14T14:39:23+08:00 ] ::1 /CRM/Public/Addons/Hplus/js/plugins/layer/skin/moon/style.css
INFO: [ app_init ] --START--
INFO: Run Behavior\BuildLiteBehavior [ RunTime:0.000000s ]
INFO: [ app_init ] --END-- [ RunTime:0.000000s ]
ERR: 无法加载模块:Public

[ 2017-04-14T16:04:59+08:00 ] ::1 /CRM/Public/Addons/Hplus/js/plugins/layer/skin/moon/style.css
INFO: [ app_init ] --START--
INFO: Run Behavior\BuildLiteBehavior [ RunTime:0.000000s ]
INFO: [ app_init ] --END-- [ RunTime:0.000000s ]
ERR: 无法加载模块:Public

[ 2017-04-14T16:58:35+08:00 ] ::1 /CRM/Public/Addons/Hplus/js/plugins/layer/skin/moon/style.css
INFO: [ app_init ] --START--
INFO: Run Behavior\BuildLiteBehavior [ RunTime:0.000000s ]
INFO: [ app_init ] --END-- [ RunTime:0.001000s ]
ERR: 无法加载模块:Public

[ 2017-04-14T17:24:41+08:00 ] ::1 /CRM/Public/Addons/Hplus/js/plugins/layer/skin/moon/style.css
INFO: [ app_init ] --START--
INFO: Run Behavior\BuildLiteBehavior [ RunTime:0.000000s ]
INFO: [ app_init ] --END-- [ RunTime:0.000000s ]
ERR: 无法加载模块:Public

